<?xml version="1.0" encoding="UTF-8"?>
<!-- Generated by org.testng.reporters.JUnitReportReporter -->
<testsuite hostname="RITAM-BHATTACHARYA" failures="8" tests="28" name="runner.RunnerTest" time="317.828" errors="1" timestamp="2025-07-30T12:26:06 IST" skipped="0">
  <testcase classname="runner.RunnerTest" name="runScenario" time="11.990">
    <failure message="expected:&lt;[Invalid name message not displayed]&gt; but was:&lt;[Message Sent Successfully]&gt;" type="org.junit.ComparisonFailure">
      <![CDATA[org.junit.ComparisonFailure: expected:<[Invalid name message not displayed]> but was:<[Message Sent Successfully]>
at org.junit.Assert.assertEquals(Assert.java:117)
at org.junit.Assert.assertEquals(Assert.java:146)
at stepDefinition.ServiceSteps.verifyInvalidNameMessage(ServiceSteps.java:107)
at ✽.I should see an error message for invalid name(file:///C:/WorkSpaces/Sprint2/sprint2/LibraryManagement/src/test/java/features/servicePage.feature:81)
]]>
    </failure>
  </testcase> <!-- runScenario -->
  <testcase classname="runner.RunnerTest" name="runScenario" time="10.707"/>
  <testcase classname="runner.RunnerTest" name="runScenario" time="12.190"/>
  <testcase classname="runner.RunnerTest" name="runScenario" time="8.895"/>
  <testcase classname="runner.RunnerTest" name="runScenario" time="10.289">
    <failure message="Expected error message not displayed: Please enter a valid email" type="java.lang.AssertionError">
      <![CDATA[java.lang.AssertionError: Expected error message not displayed: Please enter a valid email
at org.junit.Assert.fail(Assert.java:89)
at org.junit.Assert.assertTrue(Assert.java:42)
at stepDefinition.LibraryCardStep.an_error_message_should_appear_saying(LibraryCardStep.java:103)
at ✽.an error message should appear saying "Please enter a valid email"(file:///C:/WorkSpaces/Sprint2/sprint2/LibraryManagement/src/test/java/features/libraryCard.feature:81)
]]>
    </failure>
  </testcase> <!-- runScenario -->
  <testcase classname="runner.RunnerTest" name="runScenario" time="11.367"/>
  <testcase classname="runner.RunnerTest" name="runScenario" time="11.119"/>
  <testcase classname="runner.RunnerTest" name="runScenario" time="13.092"/>
  <testcase classname="runner.RunnerTest" name="runScenario" time="9.025"/>
  <testcase classname="runner.RunnerTest" name="runScenario" time="9.063"/>
  <testcase classname="runner.RunnerTest" name="runScenario" time="11.882"/>
  <testcase classname="runner.RunnerTest" name="runScenario" time="14.291"/>
  <testcase classname="runner.RunnerTest" name="runScenario" time="14.606"/>
  <testcase classname="runner.RunnerTest" name="runScenario" time="13.636">
    <failure message="expected:&lt;[Invalid email message not displayed]&gt; but was:&lt;[Mail Sent Successfully]&gt;" type="org.junit.ComparisonFailure">
      <![CDATA[org.junit.ComparisonFailure: expected:<[Invalid email message not displayed]> but was:<[Mail Sent Successfully]>
at org.junit.Assert.assertEquals(Assert.java:117)
at org.junit.Assert.assertEquals(Assert.java:146)
at stepDefinition.ServiceSteps.verifyInvalidEmailMessage(ServiceSteps.java:77)
at ✽.I should see an error message for invalid email(file:///C:/WorkSpaces/Sprint2/sprint2/LibraryManagement/src/test/java/features/servicePage.feature:28)
]]>
    </failure>
  </testcase> <!-- runScenario -->
  <testcase classname="runner.RunnerTest" name="runScenario" time="16.510">
    <failure message="Expected error message not displayed: Please enter a valid phone number" type="java.lang.AssertionError">
      <![CDATA[java.lang.AssertionError: Expected error message not displayed: Please enter a valid phone number
at org.junit.Assert.fail(Assert.java:89)
at org.junit.Assert.assertTrue(Assert.java:42)
at stepDefinition.LibraryCardStep.an_error_message_should_appear_saying(LibraryCardStep.java:103)
at ✽.an error message should appear saying "Please enter a valid phone number"(file:///C:/WorkSpaces/Sprint2/sprint2/LibraryManagement/src/test/java/features/libraryCard.feature:94)
]]>
    </failure>
  </testcase> <!-- runScenario -->
  <testcase classname="runner.RunnerTest" name="runScenario" time="8.421">
    <failure message="Expected error message not displayed: Please Enter first name" type="java.lang.AssertionError">
      <![CDATA[java.lang.AssertionError: Expected error message not displayed: Please Enter first name
at org.junit.Assert.fail(Assert.java:89)
at org.junit.Assert.assertTrue(Assert.java:42)
at stepDefinition.LibraryCardStep.an_error_message_should_appear_saying(LibraryCardStep.java:103)
at ✽.an error message should appear saying "Please Enter first name"(file:///C:/WorkSpaces/Sprint2/sprint2/LibraryManagement/src/test/java/features/libraryCard.feature:43)
]]>
    </failure>
  </testcase> <!-- runScenario -->
  <testcase classname="runner.RunnerTest" name="runScenario" time="8.544">
    <failure message="Expected error message not displayed: Please enter a valid age" type="java.lang.AssertionError">
      <![CDATA[java.lang.AssertionError: Expected error message not displayed: Please enter a valid age
at org.junit.Assert.fail(Assert.java:89)
at org.junit.Assert.assertTrue(Assert.java:42)
at stepDefinition.LibraryCardStep.an_error_message_should_appear_saying(LibraryCardStep.java:103)
at ✽.an error message should appear saying "Please enter a valid age"(file:///C:/WorkSpaces/Sprint2/sprint2/LibraryManagement/src/test/java/features/libraryCard.feature:56)
]]>
    </failure>
  </testcase> <!-- runScenario -->
  <testcase classname="runner.RunnerTest" name="runScenario" time="12.208"/>
  <testcase classname="runner.RunnerTest" name="runScenario" time="6.776"/>
  <testcase classname="runner.RunnerTest" name="runScenario" time="9.654"/>
  <testcase classname="runner.RunnerTest" name="runScenario" time="12.566"/>
  <testcase classname="runner.RunnerTest" name="runScenario" time="8.151">
    <failure type="java.lang.AssertionError">
      <![CDATA[java.lang.AssertionError
at stepDefinition.AdvancedSearchSteps.error_for_subject(AdvancedSearchSteps.java:89)
at ✽.an error message for subject should be displayed(file:///C:/WorkSpaces/Sprint2/sprint2/LibraryManagement/src/test/java/features/advancedSearch.feature:65)
]]>
    </failure>
  </testcase> <!-- runScenario -->
  <testcase classname="runner.RunnerTest" name="runScenario" time="8.518"/>
  <testcase classname="runner.RunnerTest" name="runScenario" time="10.091"/>
  <testcase classname="runner.RunnerTest" name="runScenario" time="8.838">
    <error message="Cannot locate option with text: Edition 1
For documentation on this error, please visit: https://www.selenium.dev/documentation/webdriver/troubleshooting/errors#no-such-element-exception
Build info: version: &#039;4.22.0&#039;, revision: &#039;c5f3146703*&#039;
System info: os.name: &#039;Windows 11&#039;, os.arch: &#039;amd64&#039;, os.version: &#039;10.0&#039;, java.version: &#039;18.0.1.1&#039;
Driver info: driver.version: unknown" type="org.openqa.selenium.NoSuchElementException">
      <![CDATA[org.openqa.selenium.NoSuchElementException: Cannot locate option with text: Edition 1
For documentation on this error, please visit: https://www.selenium.dev/documentation/webdriver/troubleshooting/errors#no-such-element-exception
Build info: version: '4.22.0', revision: 'c5f3146703*'
System info: os.name: 'Windows 11', os.arch: 'amd64', os.version: '10.0', java.version: '18.0.1.1'
Driver info: driver.version: unknown
at org.openqa.selenium.support.ui.Select.selectByVisibleText(Select.java:153)
at pages.AdvancedSearchActions.selectEdition(AdvancedSearchActions.java:35)
at stepDefinition.AdvancedSearchSteps.user_selects_edition(AdvancedSearchSteps.java:30)
at ✽.selects edition as "Edition 1"(file:///C:/WorkSpaces/Sprint2/sprint2/LibraryManagement/src/test/java/features/advancedSearch.feature:54)
]]>
    </error>
  </testcase> <!-- runScenario -->
  <testcase classname="runner.RunnerTest" name="runScenario" time="18.358"/>
  <testcase classname="runner.RunnerTest" name="runScenario" time="12.915">
    <failure message="expected:&lt;[Invalid phone message not displayed]&gt; but was:&lt;[Message Sent Successfully]&gt;" type="org.junit.ComparisonFailure">
      <![CDATA[org.junit.ComparisonFailure: expected:<[Invalid phone message not displayed]> but was:<[Message Sent Successfully]>
at org.junit.Assert.assertEquals(Assert.java:117)
at org.junit.Assert.assertEquals(Assert.java:146)
at stepDefinition.ServiceSteps.verifyInvalidPhoneMessage(ServiceSteps.java:92)
at ✽.I should see an error message for invalid phone(file:///C:/WorkSpaces/Sprint2/sprint2/LibraryManagement/src/test/java/features/servicePage.feature:54)
]]>
    </failure>
  </testcase> <!-- runScenario -->
  <testcase classname="runner.RunnerTest" name="runScenario" time="14.126"/>
</testsuite> <!-- runner.RunnerTest -->
