<?xml version="1.0" encoding="UTF-8"?>
<!-- Generated by org.testng.reporters.JUnitReportReporter -->
<testsuite hostname="RITAM-BHATTACHARYA" failures="0" tests="1" name="runner.RunnerTest" time="6.884" errors="0" timestamp="2025-07-28T20:19:48 IST" skipped="0">
  <testcase classname="runner.RunnerTest" name="runScenario" time="6.884"/>
</testsuite> <!-- runner.RunnerTest -->
